<?xml version="1.0" encoding="UTF-8"?>
<!-- Generated by org.testng.reporters.JUnitXMLReporter -->
<testsuite hostname="DESKTOP-VOH9HBJ" ignored="0" name="Default test" tests="10" failures="0" timestamp="19 Mar 2018 18:02:15 GMT" time="88.968" errors="0">
  <testcase name="appLaunch" time="4.914" classname="com.theinternettests.tests.DriverScript_TestNG"/>
  <testcase name="checkAlertButtonColor" time="1.554" classname="com.theinternettests.tests.DriverScript_TestNG"/>
  <testcase name="checkButtonColor" time="0.683" classname="com.theinternettests.tests.DriverScript_TestNG"/>
  <testcase name="checkCanvasPresence" time="2.844" classname="com.theinternettests.tests.DriverScript_TestNG"/>
  <testcase name="checkDeleteLink" time="7.907" classname="com.theinternettests.tests.DriverScript_TestNG"/>
  <testcase name="checkEditLink" time="23.946" classname="com.theinternettests.tests.DriverScript_TestNG"/>
  <testcase name="checkHeaderCountAndValuesAsExpected" time="1.327" classname="com.theinternettests.tests.DriverScript_TestNG"/>
  <testcase name="checkSuccessButtonColor" time="0.686" classname="com.theinternettests.tests.DriverScript_TestNG"/>
  <testcase name="check_ForkLink" time="16.219" classname="com.theinternettests.tests.DriverScript_TestNG"/>
  <testcase name="retrieveWebTableContent" time="17.678" classname="com.theinternettests.tests.DriverScript_TestNG"/>
</testsuite> <!-- Default test -->
